#-----------------------------------------------------------
# Vivado v2019.1 (64-bit)
# SW Build 2552052 on Fri May 24 14:49:42 MDT 2019
# IP Build 2548770 on Fri May 24 18:01:18 MDT 2019
# Start of session at: Wed Sep  8 01:18:56 2021
# Process ID: 23124
# Current directory: C:/Users/chase/OneDrive/Documents/GitHub/Arty-7-FPGA/softcoreShiftPID
# Command line: vivado.exe -gui_launcher_event rodinguilauncherevent21744 C:\Users\chase\OneDrive\Documents\GitHub\Arty-7-FPGA\softcoreShiftPID\softcoreShiftPID.xpr
# Log file: C:/Users/chase/OneDrive/Documents/GitHub/Arty-7-FPGA/softcoreShiftPID/vivado.log
# Journal file: C:/Users/chase/OneDrive/Documents/GitHub/Arty-7-FPGA/softcoreShiftPID\vivado.jou
#-----------------------------------------------------------
start_gui
open_project C:/Users/chase/OneDrive/Documents/GitHub/Arty-7-FPGA/softcoreShiftPID/softcoreShiftPID.xpr
INFO: [Project 1-313] Project file moved from 'C:/Users/Chase/Documents/GitHub/Arty-7-FPGA/softcoreShiftPID' since last save.
Scanning sources...
Finished scanning sources
WARNING: [filemgmt 56-2] IPUserFilesDir: Could not find the directory 'C:/Users/chase/OneDrive/Documents/GitHub/Arty-7-FPGA/softcoreShiftPID/softcoreShiftPID.ip_user_files', nor could it be found using path 'C:/Users/Chase/Documents/GitHub/Arty-7-FPGA/softcoreShiftPID/softcoreShiftPID.ip_user_files'.
INFO: [IP_Flow 19-234] Refreshing IP repositories
INFO: [IP_Flow 19-1704] No user IP repositories specified
INFO: [IP_Flow 19-2313] Loaded Vivado IP repository 'C:/Xilinx/Vivado/2019.1/data/ip'.
open_project: Time (s): cpu = 00:00:25 ; elapsed = 00:00:13 . Memory (MB): peak = 960.250 ; gain = 319.461
update_compile_order -fileset sources_1
INFO: [Vivado 12-4158] Exported Hardware file is out of date. Exported hardware information may be inconsistent with respect to the current state of the design. It is recommended that you re-export the design and launch SDK otherwise SDK is launched with out of date hardware system file.
launch_sdk -workspace C:/Users/chase/OneDrive/Documents/GitHub/Arty-7-FPGA/softcoreShiftPID/softcoreShiftPID.sdk -hwspec C:/Users/chase/OneDrive/Documents/GitHub/Arty-7-FPGA/softcoreShiftPID/softcoreShiftPID.sdk/design_1_wrapper.hdf
INFO: [Vivado 12-393] Launching SDK...
INFO: [Vivado 12-417] Running xsdk -workspace C:/Users/chase/OneDrive/Documents/GitHub/Arty-7-FPGA/softcoreShiftPID/softcoreShiftPID.sdk -hwspec C:/Users/chase/OneDrive/Documents/GitHub/Arty-7-FPGA/softcoreShiftPID/softcoreShiftPID.sdk/design_1_wrapper.hdf
INFO: [Vivado 12-3157] SDK launch initiated. Please check console for any further messages.
open_bd_design {C:/Users/chase/OneDrive/Documents/GitHub/Arty-7-FPGA/softcoreShiftPID/softcoreShiftPID.srcs/sources_1/bd/design_1/design_1.bd}
Adding component instance block -- xilinx.com:ip:microblaze:11.0 - microblaze_0
Adding component instance block -- xilinx.com:ip:lmb_v10:3.0 - dlmb_v10
Adding component instance block -- xilinx.com:ip:lmb_v10:3.0 - ilmb_v10
Adding component instance block -- xilinx.com:ip:lmb_bram_if_cntlr:4.0 - dlmb_bram_if_cntlr
Adding component instance block -- xilinx.com:ip:lmb_bram_if_cntlr:4.0 - ilmb_bram_if_cntlr
Adding component instance block -- xilinx.com:ip:blk_mem_gen:8.4 - lmb_bram
Adding component instance block -- xilinx.com:ip:mdm:3.2 - mdm_1
Adding component instance block -- xilinx.com:ip:clk_wiz:6.0 - clk_wiz_1
Adding component instance block -- xilinx.com:ip:proc_sys_reset:5.0 - rst_clk_wiz_1_100M
Adding component instance block -- xilinx.com:ip:axi_uartlite:2.0 - axi_uartlite_0
Adding component instance block -- xilinx.com:ip:axi_gpio:2.0 - axi_gpio_0
Adding component instance block -- xilinx.com:ip:axi_iic:2.0 - axi_iic_0
Adding component instance block -- xilinx.com:ip:axi_interconnect:2.1 - microblaze_0_axi_periph
Adding component instance block -- xilinx.com:ip:axi_crossbar:2.1 - xbar
Adding component instance block -- xilinx.com:ip:axi_gpio:2.0 - axi_gpio_1
Successfully read diagram <design_1> from BD file <C:/Users/chase/OneDrive/Documents/GitHub/Arty-7-FPGA/softcoreShiftPID/softcoreShiftPID.srcs/sources_1/bd/design_1/design_1.bd>
open_bd_design: Time (s): cpu = 00:00:13 ; elapsed = 00:00:10 . Memory (MB): peak = 1282.812 ; gain = 0.000
exit
INFO: [Common 17-206] Exiting Vivado at Wed Sep  8 01:21:44 2021...
