#-----------------------------------------------------------
# Vivado v2019.1 (64-bit)
# SW Build 2552052 on Fri May 24 14:49:42 MDT 2019
# IP Build 2548770 on Fri May 24 18:01:18 MDT 2019
# Start of session at: Wed Sep  8 01:22:58 2021
# Process ID: 25140
# Current directory: C:/Users/Chase/Documents/GitHub/Arty-7-FPGA/softcoreShiftPID
# Command line: vivado.exe -gui_launcher_event rodinguilauncherevent23460 C:\Users\Chase\Documents\GitHub\Arty-7-FPGA\softcoreShiftPID\softcoreShiftPID.xpr
# Log file: C:/Users/Chase/Documents/GitHub/Arty-7-FPGA/softcoreShiftPID/vivado.log
# Journal file: C:/Users/Chase/Documents/GitHub/Arty-7-FPGA/softcoreShiftPID\vivado.jou
#-----------------------------------------------------------
start_gui
open_project C:/Users/Chase/Documents/GitHub/Arty-7-FPGA/softcoreShiftPID/softcoreShiftPID.xpr
Scanning sources...
Finished scanning sources
INFO: [IP_Flow 19-234] Refreshing IP repositories
INFO: [IP_Flow 19-1704] No user IP repositories specified
INFO: [IP_Flow 19-2313] Loaded Vivado IP repository 'C:/Xilinx/Vivado/2019.1/data/ip'.
open_project: Time (s): cpu = 00:00:12 ; elapsed = 00:00:05 . Memory (MB): peak = 997.348 ; gain = 275.391
launch_sdk -workspace C:/Users/Chase/Documents/GitHub/Arty-7-FPGA/softcoreShiftPID/softcoreShiftPID.sdk -hwspec C:/Users/Chase/Documents/GitHub/Arty-7-FPGA/softcoreShiftPID/softcoreShiftPID.sdk/design_1_wrapper.hdf
INFO: [Vivado 12-393] Launching SDK...
INFO: [Vivado 12-417] Running xsdk -workspace C:/Users/Chase/Documents/GitHub/Arty-7-FPGA/softcoreShiftPID/softcoreShiftPID.sdk -hwspec C:/Users/Chase/Documents/GitHub/Arty-7-FPGA/softcoreShiftPID/softcoreShiftPID.sdk/design_1_wrapper.hdf
INFO: [Vivado 12-3157] SDK launch initiated. Please check console for any further messages.
update_compile_order -fileset sources_1
exit
INFO: [Common 17-206] Exiting Vivado at Wed Sep  8 01:23:35 2021...
