#-----------------------------------------------------------
# Webtalk v2019.1 (64-bit)
# SW Build 2552052 on Fri May 24 14:49:42 MDT 2019
# 
# Start of session at: Wed Sep  8 01:21:17 2021
# Process ID: 14168
# Current directory: C:/Users/chase/OneDrive/Documents/GitHub/Arty-7-FPGA/softcoreShiftPID/softcoreShiftPID.sdk/webtalk
# Command line: wbtcv.exe -mode batch -source sdk_webtalk.tcl
# Log file: C:/Users/chase/OneDrive/Documents/GitHub/Arty-7-FPGA/softcoreShiftPID/softcoreShiftPID.sdk/webtalk/webtalk.log
# Journal file: C:/Users/chase/OneDrive/Documents/GitHub/Arty-7-FPGA/softcoreShiftPID/softcoreShiftPID.sdk/webtalk\webtalk.jou
#-----------------------------------------------------------
source sdk_webtalk.tcl
# webtalk_init -webtalk_dir C:\\Users\\chase\\OneDrive\\Documents\\GitHub\\Arty-7-FPGA\\softcoreShiftPID\\softcoreShiftPID.sdk\\webtalk
# webtalk_register_client -client project
# webtalk_add_data -client project -key date_generated -value "2021-09-08 01:21:16" -context "software_version_and_target_device"
# webtalk_add_data -client project -key product_version -value "SDK v2019.1" -context "software_version_and_target_device"
# webtalk_add_data -client project -key build_version -value "2019.1" -context "software_version_and_target_device"
# webtalk_add_data -client project -key os_platform -value "amd64" -context "software_version_and_target_device"
# webtalk_add_data -client project -key registration_id -value "" -context "software_version_and_target_device"
# webtalk_add_data -client project -key tool_flow -value "SDK" -context "software_version_and_target_device"
# webtalk_add_data -client project -key beta -value "false" -context "software_version_and_target_device"
# webtalk_add_data -client project -key route_design -value "NA" -context "software_version_and_target_device"
# webtalk_add_data -client project -key target_family -value "NA" -context "software_version_and_target_device"
# webtalk_add_data -client project -key target_device -value "NA" -context "software_version_and_target_device"
# webtalk_add_data -client project -key target_package -value "NA" -context "software_version_and_target_device"
# webtalk_add_data -client project -key target_speed -value "NA" -context "software_version_and_target_device"
# webtalk_add_data -client project -key random_id -value "5ab6uf1u1elmlk77jt95mg8ku" -context "software_version_and_target_device"
# webtalk_add_data -client project -key project_id -value "2019.1_5" -context "software_version_and_target_device"
# webtalk_add_data -client project -key project_iteration -value "5" -context "software_version_and_target_device"
# webtalk_add_data -client project -key os_name -value "Microsoft Windows 8 or later , 64-bit" -context "user_environment"
# webtalk_add_data -client project -key os_release -value "major release  (build 9200)" -context "user_environment"
# webtalk_add_data -client project -key cpu_name -value "Intel(R) Core(TM) i5-10210U CPU @ 1.60GHz" -context "user_environment"
# webtalk_add_data -client project -key cpu_speed -value "2112 MHz" -context "user_environment"
# webtalk_add_data -client project -key total_processors -value "1" -context "user_environment"
# webtalk_add_data -client project -key system_ram -value "8.379 GB" -context "user_environment"
# webtalk_register_client -client sdk
# webtalk_add_data -client sdk -key uid -value "1631082040371" -context "sdk\\\\hardware/1631082040371"
# webtalk_add_data -client sdk -key isZynq -value "false" -context "sdk\\\\hardware/1631082040371"
# webtalk_add_data -client sdk -key isZynqMP -value "false" -context "sdk\\\\hardware/1631082040371"
# webtalk_add_data -client sdk -key Processors -value "1" -context "sdk\\\\hardware/1631082040371"
# webtalk_add_data -client sdk -key VivadoVersion -value "2019.1" -context "sdk\\\\hardware/1631082040371"
# webtalk_add_data -client sdk -key Arch -value "artix7" -context "sdk\\\\hardware/1631082040371"
# webtalk_add_data -client sdk -key Device -value "7a35ti" -context "sdk\\\\hardware/1631082040371"
# webtalk_add_data -client sdk -key IsHandoff -value "true" -context "sdk\\\\hardware/1631082040371"
# webtalk_add_data -client sdk -key os -value "NA" -context "sdk\\\\hardware/1631082040371"
# webtalk_add_data -client sdk -key apptemplate -value "NA" -context "sdk\\\\hardware/1631082040371"
# webtalk_add_data -client sdk -key RecordType -value "HWCreation" -context "sdk\\\\hardware/1631082040371"
# webtalk_add_data -client sdk -key uid -value "NA" -context "sdk\\\\bsp/1631082076439"
# webtalk_add_data -client sdk -key RecordType -value "ToolUsage" -context "sdk\\\\bsp/1631082076439"
# webtalk_add_data -client sdk -key BootgenCount -value "0" -context "sdk\\\\bsp/1631082076439"
# webtalk_add_data -client sdk -key DebugCount -value "0" -context "sdk\\\\bsp/1631082076439"
# webtalk_add_data -client sdk -key PerfCount -value "0" -context "sdk\\\\bsp/1631082076439"
# webtalk_add_data -client sdk -key FlashCount -value "0" -context "sdk\\\\bsp/1631082076439"
# webtalk_add_data -client sdk -key CrossTriggCount -value "0" -context "sdk\\\\bsp/1631082076439"
# webtalk_add_data -client sdk -key QemuDebugCount -value "0" -context "sdk\\\\bsp/1631082076439"
# webtalk_transmit -clientid 818053713 -regid "" -xml C:\\Users\\chase\\OneDrive\\Documents\\GitHub\\Arty-7-FPGA\\softcoreShiftPID\\softcoreShiftPID.sdk\\webtalk\\usage_statistics_ext_sdk.xml -html C:\\Users\\chase\\OneDrive\\Documents\\GitHub\\Arty-7-FPGA\\softcoreShiftPID\\softcoreShiftPID.sdk\\webtalk\\usage_statistics_ext_sdk.html -wdm C:\\Users\\chase\\OneDrive\\Documents\\GitHub\\Arty-7-FPGA\\softcoreShiftPID\\softcoreShiftPID.sdk\\webtalk\\sdk_webtalk.wdm -intro "<H3>SDK Usage Report</H3><BR>"
# webtalk_terminate
INFO: [Common 17-206] Exiting Webtalk at Wed Sep  8 01:21:18 2021...
