
*** Running vivado
    with args -log design_1_wrapper.vds -m64 -product Vivado -mode batch -messageDb vivado.pb -notrace -source design_1_wrapper.tcl


****** Vivado v2019.1 (64-bit)
  **** SW Build 2552052 on Fri May 24 14:49:42 MDT 2019
  **** IP Build 2548770 on Fri May 24 18:01:18 MDT 2019
    ** Copyright 1986-2019 Xilinx, Inc. All Rights Reserved.

source design_1_wrapper.tcl -notrace
INFO: [IP_Flow 19-234] Refreshing IP repositories
INFO: [IP_Flow 19-1704] No user IP repositories specified
INFO: [IP_Flow 19-2313] Loaded Vivado IP repository 'C:/Xilinx/Vivado/2019.1/data/ip'.
Command: synth_design -top design_1_wrapper -part xc7a35ticsg324-1L
Starting synth_design
Attempting to get a license for feature 'Synthesis' and/or device 'xc7a35ti'
INFO: [Common 17-349] Got license for feature 'Synthesis' and/or device 'xc7a35ti'
INFO: [Device 21-403] Loading part xc7a35ticsg324-1L
INFO: Launching helper process for spawning children vivado processes
INFO: Helper process launched with PID 10484 
---------------------------------------------------------------------------------
Starting RTL Elaboration : Time (s): cpu = 00:00:02 ; elapsed = 00:00:02 . Memory (MB): peak = 845.297 ; gain = 176.609
---------------------------------------------------------------------------------
INFO: [Synth 8-6157] synthesizing module 'design_1_wrapper' [C:/Users/Chase/Documents/GitHub/Arty-7-FPGA/softcoreShiftPID/softcoreShiftPID.srcs/sources_1/bd/design_1/hdl/design_1_wrapper.v:12]
INFO: [Synth 8-6157] synthesizing module 'design_1' [C:/Users/Chase/Documents/GitHub/Arty-7-FPGA/softcoreShiftPID/softcoreShiftPID.srcs/sources_1/bd/design_1/synth/design_1.v:13]
INFO: [Synth 8-6157] synthesizing module 'design_1_axi_gpio_0_0' [C:/Users/Chase/Documents/GitHub/Arty-7-FPGA/softcoreShiftPID/softcoreShiftPID.runs/synth_1/.Xil/Vivado-25760-LOOSELEIF/realtime/design_1_axi_gpio_0_0_stub.v:6]
INFO: [Synth 8-6155] done synthesizing module 'design_1_axi_gpio_0_0' (1#1) [C:/Users/Chase/Documents/GitHub/Arty-7-FPGA/softcoreShiftPID/softcoreShiftPID.runs/synth_1/.Xil/Vivado-25760-LOOSELEIF/realtime/design_1_axi_gpio_0_0_stub.v:6]
INFO: [Synth 8-6157] synthesizing module 'design_1_axi_gpio_1_0' [C:/Users/Chase/Documents/GitHub/Arty-7-FPGA/softcoreShiftPID/softcoreShiftPID.runs/synth_1/.Xil/Vivado-25760-LOOSELEIF/realtime/design_1_axi_gpio_1_0_stub.v:6]
INFO: [Synth 8-6155] done synthesizing module 'design_1_axi_gpio_1_0' (2#1) [C:/Users/Chase/Documents/GitHub/Arty-7-FPGA/softcoreShiftPID/softcoreShiftPID.runs/synth_1/.Xil/Vivado-25760-LOOSELEIF/realtime/design_1_axi_gpio_1_0_stub.v:6]
INFO: [Synth 8-6157] synthesizing module 'design_1_axi_iic_0_1' [C:/Users/Chase/Documents/GitHub/Arty-7-FPGA/softcoreShiftPID/softcoreShiftPID.runs/synth_1/.Xil/Vivado-25760-LOOSELEIF/realtime/design_1_axi_iic_0_1_stub.v:6]
INFO: [Synth 8-6155] done synthesizing module 'design_1_axi_iic_0_1' (3#1) [C:/Users/Chase/Documents/GitHub/Arty-7-FPGA/softcoreShiftPID/softcoreShiftPID.runs/synth_1/.Xil/Vivado-25760-LOOSELEIF/realtime/design_1_axi_iic_0_1_stub.v:6]
WARNING: [Synth 8-7023] instance 'axi_iic_0' of module 'design_1_axi_iic_0_1' has 27 connections declared, but only 25 given [C:/Users/Chase/Documents/GitHub/Arty-7-FPGA/softcoreShiftPID/softcoreShiftPID.srcs/sources_1/bd/design_1/synth/design_1.v:232]
INFO: [Synth 8-6157] synthesizing module 'design_1_axi_uartlite_0_0' [C:/Users/Chase/Documents/GitHub/Arty-7-FPGA/softcoreShiftPID/softcoreShiftPID.runs/synth_1/.Xil/Vivado-25760-LOOSELEIF/realtime/design_1_axi_uartlite_0_0_stub.v:6]
INFO: [Synth 8-6155] done synthesizing module 'design_1_axi_uartlite_0_0' (4#1) [C:/Users/Chase/Documents/GitHub/Arty-7-FPGA/softcoreShiftPID/softcoreShiftPID.runs/synth_1/.Xil/Vivado-25760-LOOSELEIF/realtime/design_1_axi_uartlite_0_0_stub.v:6]
WARNING: [Synth 8-7023] instance 'axi_uartlite_0' of module 'design_1_axi_uartlite_0_0' has 22 connections declared, but only 21 given [C:/Users/Chase/Documents/GitHub/Arty-7-FPGA/softcoreShiftPID/softcoreShiftPID.srcs/sources_1/bd/design_1/synth/design_1.v:258]
INFO: [Synth 8-6157] synthesizing module 'design_1_clk_wiz_1_0' [C:/Users/Chase/Documents/GitHub/Arty-7-FPGA/softcoreShiftPID/softcoreShiftPID.runs/synth_1/.Xil/Vivado-25760-LOOSELEIF/realtime/design_1_clk_wiz_1_0_stub.v:5]
INFO: [Synth 8-6155] done synthesizing module 'design_1_clk_wiz_1_0' (5#1) [C:/Users/Chase/Documents/GitHub/Arty-7-FPGA/softcoreShiftPID/softcoreShiftPID.runs/synth_1/.Xil/Vivado-25760-LOOSELEIF/realtime/design_1_clk_wiz_1_0_stub.v:5]
INFO: [Synth 8-6157] synthesizing module 'design_1_mdm_1_0' [C:/Users/Chase/Documents/GitHub/Arty-7-FPGA/softcoreShiftPID/softcoreShiftPID.runs/synth_1/.Xil/Vivado-25760-LOOSELEIF/realtime/design_1_mdm_1_0_stub.v:6]
INFO: [Synth 8-6155] done synthesizing module 'design_1_mdm_1_0' (6#1) [C:/Users/Chase/Documents/GitHub/Arty-7-FPGA/softcoreShiftPID/softcoreShiftPID.runs/synth_1/.Xil/Vivado-25760-LOOSELEIF/realtime/design_1_mdm_1_0_stub.v:6]
INFO: [Synth 8-6157] synthesizing module 'design_1_microblaze_0_0' [C:/Users/Chase/Documents/GitHub/Arty-7-FPGA/softcoreShiftPID/softcoreShiftPID.runs/synth_1/.Xil/Vivado-25760-LOOSELEIF/realtime/design_1_microblaze_0_0_stub.v:6]
INFO: [Synth 8-6155] done synthesizing module 'design_1_microblaze_0_0' (7#1) [C:/Users/Chase/Documents/GitHub/Arty-7-FPGA/softcoreShiftPID/softcoreShiftPID.runs/synth_1/.Xil/Vivado-25760-LOOSELEIF/realtime/design_1_microblaze_0_0_stub.v:6]
WARNING: [Synth 8-7023] instance 'microblaze_0' of module 'design_1_microblaze_0_0' has 52 connections declared, but only 51 given [C:/Users/Chase/Documents/GitHub/Arty-7-FPGA/softcoreShiftPID/softcoreShiftPID.srcs/sources_1/bd/design_1/synth/design_1.v:298]
INFO: [Synth 8-6157] synthesizing module 'design_1_microblaze_0_axi_periph_0' [C:/Users/Chase/Documents/GitHub/Arty-7-FPGA/softcoreShiftPID/softcoreShiftPID.srcs/sources_1/bd/design_1/synth/design_1.v:483]
INFO: [Synth 8-6157] synthesizing module 'm00_couplers_imp_8RVYHO' [C:/Users/Chase/Documents/GitHub/Arty-7-FPGA/softcoreShiftPID/softcoreShiftPID.srcs/sources_1/bd/design_1/synth/design_1.v:1189]
INFO: [Synth 8-6155] done synthesizing module 'm00_couplers_imp_8RVYHO' (8#1) [C:/Users/Chase/Documents/GitHub/Arty-7-FPGA/softcoreShiftPID/softcoreShiftPID.srcs/sources_1/bd/design_1/synth/design_1.v:1189]
INFO: [Synth 8-6157] synthesizing module 'm01_couplers_imp_1UTB3Y5' [C:/Users/Chase/Documents/GitHub/Arty-7-FPGA/softcoreShiftPID/softcoreShiftPID.srcs/sources_1/bd/design_1/synth/design_1.v:1321]
INFO: [Synth 8-6155] done synthesizing module 'm01_couplers_imp_1UTB3Y5' (9#1) [C:/Users/Chase/Documents/GitHub/Arty-7-FPGA/softcoreShiftPID/softcoreShiftPID.srcs/sources_1/bd/design_1/synth/design_1.v:1321]
INFO: [Synth 8-6157] synthesizing module 'm02_couplers_imp_7ANRHB' [C:/Users/Chase/Documents/GitHub/Arty-7-FPGA/softcoreShiftPID/softcoreShiftPID.srcs/sources_1/bd/design_1/synth/design_1.v:1453]
INFO: [Synth 8-6155] done synthesizing module 'm02_couplers_imp_7ANRHB' (10#1) [C:/Users/Chase/Documents/GitHub/Arty-7-FPGA/softcoreShiftPID/softcoreShiftPID.srcs/sources_1/bd/design_1/synth/design_1.v:1453]
INFO: [Synth 8-6157] synthesizing module 'm03_couplers_imp_1W07O72' [C:/Users/Chase/Documents/GitHub/Arty-7-FPGA/softcoreShiftPID/softcoreShiftPID.srcs/sources_1/bd/design_1/synth/design_1.v:1585]
INFO: [Synth 8-6155] done synthesizing module 'm03_couplers_imp_1W07O72' (11#1) [C:/Users/Chase/Documents/GitHub/Arty-7-FPGA/softcoreShiftPID/softcoreShiftPID.srcs/sources_1/bd/design_1/synth/design_1.v:1585]
INFO: [Synth 8-6157] synthesizing module 's00_couplers_imp_1RZP34U' [C:/Users/Chase/Documents/GitHub/Arty-7-FPGA/softcoreShiftPID/softcoreShiftPID.srcs/sources_1/bd/design_1/synth/design_1.v:1951]
INFO: [Synth 8-6155] done synthesizing module 's00_couplers_imp_1RZP34U' (12#1) [C:/Users/Chase/Documents/GitHub/Arty-7-FPGA/softcoreShiftPID/softcoreShiftPID.srcs/sources_1/bd/design_1/synth/design_1.v:1951]
INFO: [Synth 8-6157] synthesizing module 'design_1_xbar_0' [C:/Users/Chase/Documents/GitHub/Arty-7-FPGA/softcoreShiftPID/softcoreShiftPID.runs/synth_1/.Xil/Vivado-25760-LOOSELEIF/realtime/design_1_xbar_0_stub.v:6]
INFO: [Synth 8-6155] done synthesizing module 'design_1_xbar_0' (13#1) [C:/Users/Chase/Documents/GitHub/Arty-7-FPGA/softcoreShiftPID/softcoreShiftPID.runs/synth_1/.Xil/Vivado-25760-LOOSELEIF/realtime/design_1_xbar_0_stub.v:6]
WARNING: [Synth 8-7023] instance 'xbar' of module 'design_1_xbar_0' has 40 connections declared, but only 38 given [C:/Users/Chase/Documents/GitHub/Arty-7-FPGA/softcoreShiftPID/softcoreShiftPID.srcs/sources_1/bd/design_1/synth/design_1.v:1148]
INFO: [Synth 8-6155] done synthesizing module 'design_1_microblaze_0_axi_periph_0' (14#1) [C:/Users/Chase/Documents/GitHub/Arty-7-FPGA/softcoreShiftPID/softcoreShiftPID.srcs/sources_1/bd/design_1/synth/design_1.v:483]
INFO: [Synth 8-6157] synthesizing module 'microblaze_0_local_memory_imp_1K0VQXK' [C:/Users/Chase/Documents/GitHub/Arty-7-FPGA/softcoreShiftPID/softcoreShiftPID.srcs/sources_1/bd/design_1/synth/design_1.v:1717]
INFO: [Synth 8-6157] synthesizing module 'design_1_dlmb_bram_if_cntlr_0' [C:/Users/Chase/Documents/GitHub/Arty-7-FPGA/softcoreShiftPID/softcoreShiftPID.runs/synth_1/.Xil/Vivado-25760-LOOSELEIF/realtime/design_1_dlmb_bram_if_cntlr_0_stub.v:6]
INFO: [Synth 8-6155] done synthesizing module 'design_1_dlmb_bram_if_cntlr_0' (15#1) [C:/Users/Chase/Documents/GitHub/Arty-7-FPGA/softcoreShiftPID/softcoreShiftPID.runs/synth_1/.Xil/Vivado-25760-LOOSELEIF/realtime/design_1_dlmb_bram_if_cntlr_0_stub.v:6]
INFO: [Synth 8-6157] synthesizing module 'design_1_dlmb_v10_0' [C:/Users/Chase/Documents/GitHub/Arty-7-FPGA/softcoreShiftPID/softcoreShiftPID.runs/synth_1/.Xil/Vivado-25760-LOOSELEIF/realtime/design_1_dlmb_v10_0_stub.v:6]
INFO: [Synth 8-6155] done synthesizing module 'design_1_dlmb_v10_0' (16#1) [C:/Users/Chase/Documents/GitHub/Arty-7-FPGA/softcoreShiftPID/softcoreShiftPID.runs/synth_1/.Xil/Vivado-25760-LOOSELEIF/realtime/design_1_dlmb_v10_0_stub.v:6]
WARNING: [Synth 8-7023] instance 'dlmb_v10' of module 'design_1_dlmb_v10_0' has 25 connections declared, but only 24 given [C:/Users/Chase/Documents/GitHub/Arty-7-FPGA/softcoreShiftPID/softcoreShiftPID.srcs/sources_1/bd/design_1/synth/design_1.v:1863]
INFO: [Synth 8-6157] synthesizing module 'design_1_ilmb_bram_if_cntlr_0' [C:/Users/Chase/Documents/GitHub/Arty-7-FPGA/softcoreShiftPID/softcoreShiftPID.runs/synth_1/.Xil/Vivado-25760-LOOSELEIF/realtime/design_1_ilmb_bram_if_cntlr_0_stub.v:6]
INFO: [Synth 8-6155] done synthesizing module 'design_1_ilmb_bram_if_cntlr_0' (17#1) [C:/Users/Chase/Documents/GitHub/Arty-7-FPGA/softcoreShiftPID/softcoreShiftPID.runs/synth_1/.Xil/Vivado-25760-LOOSELEIF/realtime/design_1_ilmb_bram_if_cntlr_0_stub.v:6]
INFO: [Synth 8-6157] synthesizing module 'design_1_ilmb_v10_0' [C:/Users/Chase/Documents/GitHub/Arty-7-FPGA/softcoreShiftPID/softcoreShiftPID.runs/synth_1/.Xil/Vivado-25760-LOOSELEIF/realtime/design_1_ilmb_v10_0_stub.v:6]
INFO: [Synth 8-6155] done synthesizing module 'design_1_ilmb_v10_0' (18#1) [C:/Users/Chase/Documents/GitHub/Arty-7-FPGA/softcoreShiftPID/softcoreShiftPID.runs/synth_1/.Xil/Vivado-25760-LOOSELEIF/realtime/design_1_ilmb_v10_0_stub.v:6]
WARNING: [Synth 8-7023] instance 'ilmb_v10' of module 'design_1_ilmb_v10_0' has 25 connections declared, but only 24 given [C:/Users/Chase/Documents/GitHub/Arty-7-FPGA/softcoreShiftPID/softcoreShiftPID.srcs/sources_1/bd/design_1/synth/design_1.v:1909]
INFO: [Synth 8-6157] synthesizing module 'design_1_lmb_bram_0' [C:/Users/Chase/Documents/GitHub/Arty-7-FPGA/softcoreShiftPID/softcoreShiftPID.runs/synth_1/.Xil/Vivado-25760-LOOSELEIF/realtime/design_1_lmb_bram_0_stub.v:6]
INFO: [Synth 8-6155] done synthesizing module 'design_1_lmb_bram_0' (19#1) [C:/Users/Chase/Documents/GitHub/Arty-7-FPGA/softcoreShiftPID/softcoreShiftPID.runs/synth_1/.Xil/Vivado-25760-LOOSELEIF/realtime/design_1_lmb_bram_0_stub.v:6]
WARNING: [Synth 8-7023] instance 'lmb_bram' of module 'design_1_lmb_bram_0' has 16 connections declared, but only 14 given [C:/Users/Chase/Documents/GitHub/Arty-7-FPGA/softcoreShiftPID/softcoreShiftPID.srcs/sources_1/bd/design_1/synth/design_1.v:1934]
INFO: [Synth 8-6155] done synthesizing module 'microblaze_0_local_memory_imp_1K0VQXK' (20#1) [C:/Users/Chase/Documents/GitHub/Arty-7-FPGA/softcoreShiftPID/softcoreShiftPID.srcs/sources_1/bd/design_1/synth/design_1.v:1717]
INFO: [Synth 8-6157] synthesizing module 'design_1_rst_clk_wiz_1_100M_0' [C:/Users/Chase/Documents/GitHub/Arty-7-FPGA/softcoreShiftPID/softcoreShiftPID.runs/synth_1/.Xil/Vivado-25760-LOOSELEIF/realtime/design_1_rst_clk_wiz_1_100M_0_stub.v:6]
INFO: [Synth 8-6155] done synthesizing module 'design_1_rst_clk_wiz_1_100M_0' (21#1) [C:/Users/Chase/Documents/GitHub/Arty-7-FPGA/softcoreShiftPID/softcoreShiftPID.runs/synth_1/.Xil/Vivado-25760-LOOSELEIF/realtime/design_1_rst_clk_wiz_1_100M_0_stub.v:6]
WARNING: [Synth 8-7023] instance 'rst_clk_wiz_1_100M' of module 'design_1_rst_clk_wiz_1_100M_0' has 10 connections declared, but only 8 given [C:/Users/Chase/Documents/GitHub/Arty-7-FPGA/softcoreShiftPID/softcoreShiftPID.srcs/sources_1/bd/design_1/synth/design_1.v:472]
INFO: [Synth 8-6155] done synthesizing module 'design_1' (22#1) [C:/Users/Chase/Documents/GitHub/Arty-7-FPGA/softcoreShiftPID/softcoreShiftPID.srcs/sources_1/bd/design_1/synth/design_1.v:13]
INFO: [Synth 8-6157] synthesizing module 'IOBUF' [C:/Xilinx/Vivado/2019.1/scripts/rt/data/unisim_comp.v:36115]
	Parameter DRIVE bound to: 12 - type: integer 
	Parameter IBUF_LOW_PWR bound to: TRUE - type: string 
	Parameter IOSTANDARD bound to: DEFAULT - type: string 
	Parameter SLEW bound to: SLOW - type: string 
INFO: [Synth 8-6155] done synthesizing module 'IOBUF' (23#1) [C:/Xilinx/Vivado/2019.1/scripts/rt/data/unisim_comp.v:36115]
INFO: [Synth 8-6155] done synthesizing module 'design_1_wrapper' (24#1) [C:/Users/Chase/Documents/GitHub/Arty-7-FPGA/softcoreShiftPID/softcoreShiftPID.srcs/sources_1/bd/design_1/hdl/design_1_wrapper.v:12]
WARNING: [Synth 8-3331] design s00_couplers_imp_1RZP34U has unconnected port M_ACLK
WARNING: [Synth 8-3331] design s00_couplers_imp_1RZP34U has unconnected port M_ARESETN
WARNING: [Synth 8-3331] design s00_couplers_imp_1RZP34U has unconnected port S_ACLK
WARNING: [Synth 8-3331] design s00_couplers_imp_1RZP34U has unconnected port S_ARESETN
WARNING: [Synth 8-3331] design m03_couplers_imp_1W07O72 has unconnected port M_ACLK
WARNING: [Synth 8-3331] design m03_couplers_imp_1W07O72 has unconnected port M_ARESETN
WARNING: [Synth 8-3331] design m03_couplers_imp_1W07O72 has unconnected port S_ACLK
WARNING: [Synth 8-3331] design m03_couplers_imp_1W07O72 has unconnected port S_ARESETN
WARNING: [Synth 8-3331] design m02_couplers_imp_7ANRHB has unconnected port M_ACLK
WARNING: [Synth 8-3331] design m02_couplers_imp_7ANRHB has unconnected port M_ARESETN
WARNING: [Synth 8-3331] design m02_couplers_imp_7ANRHB has unconnected port S_ACLK
WARNING: [Synth 8-3331] design m02_couplers_imp_7ANRHB has unconnected port S_ARESETN
WARNING: [Synth 8-3331] design m01_couplers_imp_1UTB3Y5 has unconnected port M_ACLK
WARNING: [Synth 8-3331] design m01_couplers_imp_1UTB3Y5 has unconnected port M_ARESETN
WARNING: [Synth 8-3331] design m01_couplers_imp_1UTB3Y5 has unconnected port S_ACLK
WARNING: [Synth 8-3331] design m01_couplers_imp_1UTB3Y5 has unconnected port S_ARESETN
WARNING: [Synth 8-3331] design m00_couplers_imp_8RVYHO has unconnected port M_ACLK
WARNING: [Synth 8-3331] design m00_couplers_imp_8RVYHO has unconnected port M_ARESETN
WARNING: [Synth 8-3331] design m00_couplers_imp_8RVYHO has unconnected port S_ACLK
WARNING: [Synth 8-3331] design m00_couplers_imp_8RVYHO has unconnected port S_ARESETN
WARNING: [Synth 8-3331] design design_1_microblaze_0_axi_periph_0 has unconnected port M00_ACLK
WARNING: [Synth 8-3331] design design_1_microblaze_0_axi_periph_0 has unconnected port M00_ARESETN
WARNING: [Synth 8-3331] design design_1_microblaze_0_axi_periph_0 has unconnected port M01_ACLK
WARNING: [Synth 8-3331] design design_1_microblaze_0_axi_periph_0 has unconnected port M01_ARESETN
WARNING: [Synth 8-3331] design design_1_microblaze_0_axi_periph_0 has unconnected port M02_ACLK
WARNING: [Synth 8-3331] design design_1_microblaze_0_axi_periph_0 has unconnected port M02_ARESETN
WARNING: [Synth 8-3331] design design_1_microblaze_0_axi_periph_0 has unconnected port M03_ACLK
WARNING: [Synth 8-3331] design design_1_microblaze_0_axi_periph_0 has unconnected port M03_ARESETN
WARNING: [Synth 8-3331] design design_1_microblaze_0_axi_periph_0 has unconnected port S00_ACLK
WARNING: [Synth 8-3331] design design_1_microblaze_0_axi_periph_0 has unconnected port S00_ARESETN
---------------------------------------------------------------------------------
Finished RTL Elaboration : Time (s): cpu = 00:00:02 ; elapsed = 00:00:03 . Memory (MB): peak = 913.500 ; gain = 244.812
---------------------------------------------------------------------------------

Report Check Netlist: 
+------+------------------+-------+---------+-------+------------------+
|      |Item              |Errors |Warnings |Status |Description       |
+------+------------------+-------+---------+-------+------------------+
|1     |multi_driven_nets |      0|        0|Passed |Multi driven nets |
+------+------------------+-------+---------+-------+------------------+
---------------------------------------------------------------------------------
Start Handling Custom Attributes
---------------------------------------------------------------------------------
---------------------------------------------------------------------------------
Finished Handling Custom Attributes : Time (s): cpu = 00:00:03 ; elapsed = 00:00:03 . Memory (MB): peak = 913.500 ; gain = 244.812
---------------------------------------------------------------------------------
---------------------------------------------------------------------------------
Finished RTL Optimization Phase 1 : Time (s): cpu = 00:00:03 ; elapsed = 00:00:03 . Memory (MB): peak = 913.500 ; gain = 244.812
---------------------------------------------------------------------------------
INFO: [Netlist 29-17] Analyzing 2 Unisim elements for replacement
INFO: [Netlist 29-28] Unisim Transformation completed in 0 CPU seconds
INFO: [Project 1-570] Preparing netlist for logic optimization

Processing XDC Constraints
Initializing timing engine
Parsing XDC File [c:/Users/Chase/Documents/GitHub/Arty-7-FPGA/softcoreShiftPID/softcoreShiftPID.srcs/sources_1/bd/design_1/ip/design_1_microblaze_0_0/design_1_microblaze_0_0/design_1_microblaze_0_0_in_context.xdc] for cell 'design_1_i/microblaze_0'
Finished Parsing XDC File [c:/Users/Chase/Documents/GitHub/Arty-7-FPGA/softcoreShiftPID/softcoreShiftPID.srcs/sources_1/bd/design_1/ip/design_1_microblaze_0_0/design_1_microblaze_0_0/design_1_microblaze_0_0_in_context.xdc] for cell 'design_1_i/microblaze_0'
Parsing XDC File [c:/Users/Chase/Documents/GitHub/Arty-7-FPGA/softcoreShiftPID/softcoreShiftPID.srcs/sources_1/bd/design_1/ip/design_1_dlmb_v10_0/design_1_dlmb_v10_0/design_1_dlmb_v10_0_in_context.xdc] for cell 'design_1_i/microblaze_0_local_memory/dlmb_v10'
Finished Parsing XDC File [c:/Users/Chase/Documents/GitHub/Arty-7-FPGA/softcoreShiftPID/softcoreShiftPID.srcs/sources_1/bd/design_1/ip/design_1_dlmb_v10_0/design_1_dlmb_v10_0/design_1_dlmb_v10_0_in_context.xdc] for cell 'design_1_i/microblaze_0_local_memory/dlmb_v10'
Parsing XDC File [c:/Users/Chase/Documents/GitHub/Arty-7-FPGA/softcoreShiftPID/softcoreShiftPID.srcs/sources_1/bd/design_1/ip/design_1_ilmb_v10_0/design_1_ilmb_v10_0/design_1_dlmb_v10_0_in_context.xdc] for cell 'design_1_i/microblaze_0_local_memory/ilmb_v10'
Finished Parsing XDC File [c:/Users/Chase/Documents/GitHub/Arty-7-FPGA/softcoreShiftPID/softcoreShiftPID.srcs/sources_1/bd/design_1/ip/design_1_ilmb_v10_0/design_1_ilmb_v10_0/design_1_dlmb_v10_0_in_context.xdc] for cell 'design_1_i/microblaze_0_local_memory/ilmb_v10'
Parsing XDC File [c:/Users/Chase/Documents/GitHub/Arty-7-FPGA/softcoreShiftPID/softcoreShiftPID.srcs/sources_1/bd/design_1/ip/design_1_dlmb_bram_if_cntlr_0/design_1_dlmb_bram_if_cntlr_0/design_1_dlmb_bram_if_cntlr_0_in_context.xdc] for cell 'design_1_i/microblaze_0_local_memory/dlmb_bram_if_cntlr'
Finished Parsing XDC File [c:/Users/Chase/Documents/GitHub/Arty-7-FPGA/softcoreShiftPID/softcoreShiftPID.srcs/sources_1/bd/design_1/ip/design_1_dlmb_bram_if_cntlr_0/design_1_dlmb_bram_if_cntlr_0/design_1_dlmb_bram_if_cntlr_0_in_context.xdc] for cell 'design_1_i/microblaze_0_local_memory/dlmb_bram_if_cntlr'
Parsing XDC File [c:/Users/Chase/Documents/GitHub/Arty-7-FPGA/softcoreShiftPID/softcoreShiftPID.srcs/sources_1/bd/design_1/ip/design_1_ilmb_bram_if_cntlr_0/design_1_ilmb_bram_if_cntlr_0/design_1_ilmb_bram_if_cntlr_0_in_context.xdc] for cell 'design_1_i/microblaze_0_local_memory/ilmb_bram_if_cntlr'
Finished Parsing XDC File [c:/Users/Chase/Documents/GitHub/Arty-7-FPGA/softcoreShiftPID/softcoreShiftPID.srcs/sources_1/bd/design_1/ip/design_1_ilmb_bram_if_cntlr_0/design_1_ilmb_bram_if_cntlr_0/design_1_ilmb_bram_if_cntlr_0_in_context.xdc] for cell 'design_1_i/microblaze_0_local_memory/ilmb_bram_if_cntlr'
Parsing XDC File [c:/Users/Chase/Documents/GitHub/Arty-7-FPGA/softcoreShiftPID/softcoreShiftPID.srcs/sources_1/bd/design_1/ip/design_1_lmb_bram_0/design_1_lmb_bram_0/design_1_lmb_bram_0_in_context.xdc] for cell 'design_1_i/microblaze_0_local_memory/lmb_bram'
Finished Parsing XDC File [c:/Users/Chase/Documents/GitHub/Arty-7-FPGA/softcoreShiftPID/softcoreShiftPID.srcs/sources_1/bd/design_1/ip/design_1_lmb_bram_0/design_1_lmb_bram_0/design_1_lmb_bram_0_in_context.xdc] for cell 'design_1_i/microblaze_0_local_memory/lmb_bram'
Parsing XDC File [c:/Users/Chase/Documents/GitHub/Arty-7-FPGA/softcoreShiftPID/softcoreShiftPID.srcs/sources_1/bd/design_1/ip/design_1_mdm_1_0/design_1_mdm_1_0/design_1_mdm_1_0_in_context.xdc] for cell 'design_1_i/mdm_1'
Finished Parsing XDC File [c:/Users/Chase/Documents/GitHub/Arty-7-FPGA/softcoreShiftPID/softcoreShiftPID.srcs/sources_1/bd/design_1/ip/design_1_mdm_1_0/design_1_mdm_1_0/design_1_mdm_1_0_in_context.xdc] for cell 'design_1_i/mdm_1'
Parsing XDC File [c:/Users/Chase/Documents/GitHub/Arty-7-FPGA/softcoreShiftPID/softcoreShiftPID.srcs/sources_1/bd/design_1/ip/design_1_clk_wiz_1_0/design_1_clk_wiz_1_0/design_1_clk_wiz_1_0_in_context.xdc] for cell 'design_1_i/clk_wiz_1'
Finished Parsing XDC File [c:/Users/Chase/Documents/GitHub/Arty-7-FPGA/softcoreShiftPID/softcoreShiftPID.srcs/sources_1/bd/design_1/ip/design_1_clk_wiz_1_0/design_1_clk_wiz_1_0/design_1_clk_wiz_1_0_in_context.xdc] for cell 'design_1_i/clk_wiz_1'
Parsing XDC File [c:/Users/Chase/Documents/GitHub/Arty-7-FPGA/softcoreShiftPID/softcoreShiftPID.srcs/sources_1/bd/design_1/ip/design_1_rst_clk_wiz_1_100M_0/design_1_rst_clk_wiz_1_100M_0/design_1_rst_clk_wiz_1_100M_0_in_context.xdc] for cell 'design_1_i/rst_clk_wiz_1_100M'
Finished Parsing XDC File [c:/Users/Chase/Documents/GitHub/Arty-7-FPGA/softcoreShiftPID/softcoreShiftPID.srcs/sources_1/bd/design_1/ip/design_1_rst_clk_wiz_1_100M_0/design_1_rst_clk_wiz_1_100M_0/design_1_rst_clk_wiz_1_100M_0_in_context.xdc] for cell 'design_1_i/rst_clk_wiz_1_100M'
Parsing XDC File [c:/Users/Chase/Documents/GitHub/Arty-7-FPGA/softcoreShiftPID/softcoreShiftPID.srcs/sources_1/bd/design_1/ip/design_1_axi_uartlite_0_0/design_1_axi_uartlite_0_0/design_1_axi_uartlite_0_0_in_context.xdc] for cell 'design_1_i/axi_uartlite_0'
Finished Parsing XDC File [c:/Users/Chase/Documents/GitHub/Arty-7-FPGA/softcoreShiftPID/softcoreShiftPID.srcs/sources_1/bd/design_1/ip/design_1_axi_uartlite_0_0/design_1_axi_uartlite_0_0/design_1_axi_uartlite_0_0_in_context.xdc] for cell 'design_1_i/axi_uartlite_0'
Parsing XDC File [c:/Users/Chase/Documents/GitHub/Arty-7-FPGA/softcoreShiftPID/softcoreShiftPID.srcs/sources_1/bd/design_1/ip/design_1_axi_gpio_0_0/design_1_axi_gpio_0_0/design_1_axi_gpio_0_0_in_context.xdc] for cell 'design_1_i/axi_gpio_0'
Finished Parsing XDC File [c:/Users/Chase/Documents/GitHub/Arty-7-FPGA/softcoreShiftPID/softcoreShiftPID.srcs/sources_1/bd/design_1/ip/design_1_axi_gpio_0_0/design_1_axi_gpio_0_0/design_1_axi_gpio_0_0_in_context.xdc] for cell 'design_1_i/axi_gpio_0'
Parsing XDC File [c:/Users/Chase/Documents/GitHub/Arty-7-FPGA/softcoreShiftPID/softcoreShiftPID.srcs/sources_1/bd/design_1/ip/design_1_axi_iic_0_1/design_1_axi_iic_0_1/design_1_axi_iic_0_1_in_context.xdc] for cell 'design_1_i/axi_iic_0'
Finished Parsing XDC File [c:/Users/Chase/Documents/GitHub/Arty-7-FPGA/softcoreShiftPID/softcoreShiftPID.srcs/sources_1/bd/design_1/ip/design_1_axi_iic_0_1/design_1_axi_iic_0_1/design_1_axi_iic_0_1_in_context.xdc] for cell 'design_1_i/axi_iic_0'
Parsing XDC File [c:/Users/Chase/Documents/GitHub/Arty-7-FPGA/softcoreShiftPID/softcoreShiftPID.srcs/sources_1/bd/design_1/ip/design_1_xbar_0/design_1_xbar_0/design_1_xbar_0_in_context.xdc] for cell 'design_1_i/microblaze_0_axi_periph/xbar'
Finished Parsing XDC File [c:/Users/Chase/Documents/GitHub/Arty-7-FPGA/softcoreShiftPID/softcoreShiftPID.srcs/sources_1/bd/design_1/ip/design_1_xbar_0/design_1_xbar_0/design_1_xbar_0_in_context.xdc] for cell 'design_1_i/microblaze_0_axi_periph/xbar'
Parsing XDC File [c:/Users/Chase/Documents/GitHub/Arty-7-FPGA/softcoreShiftPID/softcoreShiftPID.srcs/sources_1/bd/design_1/ip/design_1_axi_gpio_1_0/design_1_axi_gpio_1_0/design_1_axi_gpio_1_0_in_context.xdc] for cell 'design_1_i/axi_gpio_1'
Finished Parsing XDC File [c:/Users/Chase/Documents/GitHub/Arty-7-FPGA/softcoreShiftPID/softcoreShiftPID.srcs/sources_1/bd/design_1/ip/design_1_axi_gpio_1_0/design_1_axi_gpio_1_0/design_1_axi_gpio_1_0_in_context.xdc] for cell 'design_1_i/axi_gpio_1'
Parsing XDC File [C:/Users/Chase/Documents/GitHub/Arty-7-FPGA/softcoreShiftPID/softcoreShiftPID.runs/synth_1/dont_touch.xdc]
Finished Parsing XDC File [C:/Users/Chase/Documents/GitHub/Arty-7-FPGA/softcoreShiftPID/softcoreShiftPID.runs/synth_1/dont_touch.xdc]
Completed Processing XDC Constraints

Netlist sorting complete. Time (s): cpu = 00:00:00 ; elapsed = 00:00:00 . Memory (MB): peak = 991.246 ; gain = 0.000
INFO: [Project 1-111] Unisim Transformation Summary:
  A total of 2 instances were transformed.
  IOBUF => IOBUF (IBUF, OBUFT): 2 instances

Constraint Validation Runtime : Time (s): cpu = 00:00:00 ; elapsed = 00:00:00.019 . Memory (MB): peak = 991.246 ; gain = 0.000
WARNING: [Timing 38-316] Clock period '20.000' specified during out-of-context synthesis of instance 'design_1_i/microblaze_0_local_memory/lmb_bram' at clock pin 'clka' is different from the actual clock period '10.000', this can lead to different synthesis results.
---------------------------------------------------------------------------------
Finished Constraint Validation : Time (s): cpu = 00:00:06 ; elapsed = 00:00:06 . Memory (MB): peak = 1003.754 ; gain = 335.066
---------------------------------------------------------------------------------
---------------------------------------------------------------------------------
Start Loading Part and Timing Information
---------------------------------------------------------------------------------
Loading part: xc7a35ticsg324-1L
---------------------------------------------------------------------------------
Finished Loading Part and Timing Information : Time (s): cpu = 00:00:06 ; elapsed = 00:00:06 . Memory (MB): peak = 1003.754 ; gain = 335.066
---------------------------------------------------------------------------------
---------------------------------------------------------------------------------
Start Applying 'set_property' XDC Constraints
---------------------------------------------------------------------------------
Applied set_property IO_BUFFER_TYPE = NONE for sys_clock. (constraint file  c:/Users/Chase/Documents/GitHub/Arty-7-FPGA/softcoreShiftPID/softcoreShiftPID.srcs/sources_1/bd/design_1/ip/design_1_clk_wiz_1_0/design_1_clk_wiz_1_0/design_1_clk_wiz_1_0_in_context.xdc, line 3).
Applied set_property CLOCK_BUFFER_TYPE = NONE for sys_clock. (constraint file  c:/Users/Chase/Documents/GitHub/Arty-7-FPGA/softcoreShiftPID/softcoreShiftPID.srcs/sources_1/bd/design_1/ip/design_1_clk_wiz_1_0/design_1_clk_wiz_1_0/design_1_clk_wiz_1_0_in_context.xdc, line 4).
Applied set_property DONT_TOUCH = true for design_1_i. (constraint file  auto generated constraint, line ).
Applied set_property DONT_TOUCH = true for design_1_i/microblaze_0. (constraint file  auto generated constraint, line ).
Applied set_property DONT_TOUCH = true for design_1_i/microblaze_0_local_memory/dlmb_v10. (constraint file  auto generated constraint, line ).
Applied set_property DONT_TOUCH = true for design_1_i/microblaze_0_local_memory/ilmb_v10. (constraint file  auto generated constraint, line ).
Applied set_property DONT_TOUCH = true for design_1_i/microblaze_0_local_memory/dlmb_bram_if_cntlr. (constraint file  auto generated constraint, line ).
Applied set_property DONT_TOUCH = true for design_1_i/microblaze_0_local_memory/ilmb_bram_if_cntlr. (constraint file  auto generated constraint, line ).
Applied set_property DONT_TOUCH = true for design_1_i/microblaze_0_local_memory/lmb_bram. (constraint file  auto generated constraint, line ).
Applied set_property DONT_TOUCH = true for design_1_i/mdm_1. (constraint file  auto generated constraint, line ).
Applied set_property DONT_TOUCH = true for design_1_i/clk_wiz_1. (constraint file  auto generated constraint, line ).
Applied set_property DONT_TOUCH = true for design_1_i/rst_clk_wiz_1_100M. (constraint file  auto generated constraint, line ).
Applied set_property DONT_TOUCH = true for design_1_i/axi_uartlite_0. (constraint file  auto generated constraint, line ).
Applied set_property DONT_TOUCH = true for design_1_i/axi_gpio_0. (constraint file  auto generated constraint, line ).
Applied set_property DONT_TOUCH = true for design_1_i/axi_iic_0. (constraint file  auto generated constraint, line ).
Applied set_property DONT_TOUCH = true for design_1_i/microblaze_0_axi_periph/xbar. (constraint file  auto generated constraint, line ).
Applied set_property DONT_TOUCH = true for design_1_i/microblaze_0_axi_periph. (constraint file  auto generated constraint, line ).
Applied set_property DONT_TOUCH = true for design_1_i/axi_gpio_1. (constraint file  auto generated constraint, line ).
---------------------------------------------------------------------------------
Finished applying 'set_property' XDC Constraints : Time (s): cpu = 00:00:06 ; elapsed = 00:00:06 . Memory (MB): peak = 1003.754 ; gain = 335.066
---------------------------------------------------------------------------------
---------------------------------------------------------------------------------
Finished RTL Optimization Phase 2 : Time (s): cpu = 00:00:06 ; elapsed = 00:00:06 . Memory (MB): peak = 1003.754 ; gain = 335.066
---------------------------------------------------------------------------------

Report RTL Partitions: 
+-+--------------+------------+----------+
| |RTL Partition |Replication |Instances |
+-+--------------+------------+----------+
+-+--------------+------------+----------+
---------------------------------------------------------------------------------
Start RTL Component Statistics 
---------------------------------------------------------------------------------
Detailed RTL Component Info : 
---------------------------------------------------------------------------------
Finished RTL Component Statistics 
---------------------------------------------------------------------------------
---------------------------------------------------------------------------------
Start RTL Hierarchical Component Statistics 
---------------------------------------------------------------------------------
Hierarchical RTL Component report 
---------------------------------------------------------------------------------
Finished RTL Hierarchical Component Statistics
---------------------------------------------------------------------------------
---------------------------------------------------------------------------------
Start Part Resource Summary
---------------------------------------------------------------------------------
Part Resources:
DSPs: 90 (col length:60)
BRAMs: 100 (col length: RAMB18 60 RAMB36 30)
---------------------------------------------------------------------------------
Finished Part Resource Summary
---------------------------------------------------------------------------------
---------------------------------------------------------------------------------
Start Cross Boundary and Area Optimization
---------------------------------------------------------------------------------
Warning: Parallel synthesis criteria is not met 
WARNING: [Synth 8-3331] design design_1_microblaze_0_axi_periph_0 has unconnected port M00_ACLK
WARNING: [Synth 8-3331] design design_1_microblaze_0_axi_periph_0 has unconnected port M00_ARESETN
WARNING: [Synth 8-3331] design design_1_microblaze_0_axi_periph_0 has unconnected port M01_ACLK
WARNING: [Synth 8-3331] design design_1_microblaze_0_axi_periph_0 has unconnected port M01_ARESETN
WARNING: [Synth 8-3331] design design_1_microblaze_0_axi_periph_0 has unconnected port M02_ACLK
WARNING: [Synth 8-3331] design design_1_microblaze_0_axi_periph_0 has unconnected port M02_ARESETN
WARNING: [Synth 8-3331] design design_1_microblaze_0_axi_periph_0 has unconnected port M03_ACLK
WARNING: [Synth 8-3331] design design_1_microblaze_0_axi_periph_0 has unconnected port M03_ARESETN
WARNING: [Synth 8-3331] design design_1_microblaze_0_axi_periph_0 has unconnected port S00_ACLK
WARNING: [Synth 8-3331] design design_1_microblaze_0_axi_periph_0 has unconnected port S00_ARESETN
---------------------------------------------------------------------------------
Finished Cross Boundary and Area Optimization : Time (s): cpu = 00:00:07 ; elapsed = 00:00:07 . Memory (MB): peak = 1003.754 ; gain = 335.066
---------------------------------------------------------------------------------

Report RTL Partitions: 
+-+--------------+------------+----------+
| |RTL Partition |Replication |Instances |
+-+--------------+------------+----------+
+-+--------------+------------+----------+
---------------------------------------------------------------------------------
Start Applying XDC Timing Constraints
---------------------------------------------------------------------------------
INFO: [Synth 8-5578] Moved timing constraint from pin 'design_1_i/microblaze_0_local_memory/dlmb_bram_if_cntlr/BRAM_Clk_A' to pin 'design_1_i/microblaze_0_local_memory/dlmb_bram_if_cntlr/bbstub_BRAM_Clk_A/O'
INFO: [Synth 8-5578] Moved timing constraint from pin 'design_1_i/microblaze_0_local_memory/ilmb_bram_if_cntlr/BRAM_Clk_A' to pin 'design_1_i/microblaze_0_local_memory/ilmb_bram_if_cntlr/bbstub_BRAM_Clk_A/O'
INFO: [Synth 8-5578] Moved timing constraint from pin 'design_1_i/mdm_1/Dbg_Clk_0' to pin 'design_1_i/mdm_1/bbstub_Dbg_Clk_0/O'
INFO: [Synth 8-5578] Moved timing constraint from pin 'design_1_i/mdm_1/Dbg_Update_0' to pin 'design_1_i/mdm_1/bbstub_Dbg_Update_0/O'
INFO: [Synth 8-5578] Moved timing constraint from pin 'design_1_i/clk_wiz_1/clk_out1' to pin 'design_1_i/clk_wiz_1/bbstub_clk_out1/O'
INFO: [Synth 8-5819] Moved 5 constraints on hierarchical pins to their respective driving/loading pins
---------------------------------------------------------------------------------
Finished Applying XDC Timing Constraints : Time (s): cpu = 00:00:11 ; elapsed = 00:00:11 . Memory (MB): peak = 1003.754 ; gain = 335.066
---------------------------------------------------------------------------------
---------------------------------------------------------------------------------
Start Timing Optimization
---------------------------------------------------------------------------------
---------------------------------------------------------------------------------
Finished Timing Optimization : Time (s): cpu = 00:00:11 ; elapsed = 00:00:11 . Memory (MB): peak = 1003.754 ; gain = 335.066
---------------------------------------------------------------------------------

Report RTL Partitions: 
+-+--------------+------------+----------+
| |RTL Partition |Replication |Instances |
+-+--------------+------------+----------+
+-+--------------+------------+----------+
---------------------------------------------------------------------------------
Start Technology Mapping
---------------------------------------------------------------------------------
---------------------------------------------------------------------------------
Finished Technology Mapping : Time (s): cpu = 00:00:11 ; elapsed = 00:00:11 . Memory (MB): peak = 1003.754 ; gain = 335.066
---------------------------------------------------------------------------------

Report RTL Partitions: 
+-+--------------+------------+----------+
| |RTL Partition |Replication |Instances |
+-+--------------+------------+----------+
+-+--------------+------------+----------+
---------------------------------------------------------------------------------
Start IO Insertion
---------------------------------------------------------------------------------
---------------------------------------------------------------------------------
Start Flattening Before IO Insertion
---------------------------------------------------------------------------------
---------------------------------------------------------------------------------
Finished Flattening Before IO Insertion
---------------------------------------------------------------------------------
---------------------------------------------------------------------------------
Start Final Netlist Cleanup
---------------------------------------------------------------------------------
---------------------------------------------------------------------------------
Finished Final Netlist Cleanup
---------------------------------------------------------------------------------
---------------------------------------------------------------------------------
Finished IO Insertion : Time (s): cpu = 00:00:12 ; elapsed = 00:00:12 . Memory (MB): peak = 1013.504 ; gain = 344.816
---------------------------------------------------------------------------------

Report Check Netlist: 
+------+------------------+-------+---------+-------+------------------+
|      |Item              |Errors |Warnings |Status |Description       |
+------+------------------+-------+---------+-------+------------------+
|1     |multi_driven_nets |      0|        0|Passed |Multi driven nets |
+------+------------------+-------+---------+-------+------------------+
---------------------------------------------------------------------------------
Start Renaming Generated Instances
---------------------------------------------------------------------------------
---------------------------------------------------------------------------------
Finished Renaming Generated Instances : Time (s): cpu = 00:00:12 ; elapsed = 00:00:12 . Memory (MB): peak = 1013.504 ; gain = 344.816
---------------------------------------------------------------------------------

Report RTL Partitions: 
+-+--------------+------------+----------+
| |RTL Partition |Replication |Instances |
+-+--------------+------------+----------+
+-+--------------+------------+----------+
---------------------------------------------------------------------------------
Start Rebuilding User Hierarchy
---------------------------------------------------------------------------------
---------------------------------------------------------------------------------
Finished Rebuilding User Hierarchy : Time (s): cpu = 00:00:12 ; elapsed = 00:00:12 . Memory (MB): peak = 1013.504 ; gain = 344.816
---------------------------------------------------------------------------------
---------------------------------------------------------------------------------
Start Renaming Generated Ports
---------------------------------------------------------------------------------
---------------------------------------------------------------------------------
Finished Renaming Generated Ports : Time (s): cpu = 00:00:12 ; elapsed = 00:00:12 . Memory (MB): peak = 1013.504 ; gain = 344.816
---------------------------------------------------------------------------------
---------------------------------------------------------------------------------
Start Handling Custom Attributes
---------------------------------------------------------------------------------
---------------------------------------------------------------------------------
Finished Handling Custom Attributes : Time (s): cpu = 00:00:12 ; elapsed = 00:00:12 . Memory (MB): peak = 1013.504 ; gain = 344.816
---------------------------------------------------------------------------------
---------------------------------------------------------------------------------
Start Renaming Generated Nets
---------------------------------------------------------------------------------
---------------------------------------------------------------------------------
Finished Renaming Generated Nets : Time (s): cpu = 00:00:12 ; elapsed = 00:00:12 . Memory (MB): peak = 1013.504 ; gain = 344.816
---------------------------------------------------------------------------------
---------------------------------------------------------------------------------
Start Writing Synthesis Report
---------------------------------------------------------------------------------

Report BlackBoxes: 
+------+------------------------------+----------+
|      |BlackBox name                 |Instances |
+------+------------------------------+----------+
|1     |design_1_xbar_0               |         1|
|2     |design_1_axi_gpio_0_0         |         1|
|3     |design_1_axi_gpio_1_0         |         1|
|4     |design_1_axi_iic_0_1          |         1|
|5     |design_1_axi_uartlite_0_0     |         1|
|6     |design_1_clk_wiz_1_0          |         1|
|7     |design_1_mdm_1_0              |         1|
|8     |design_1_microblaze_0_0       |         1|
|9     |design_1_rst_clk_wiz_1_100M_0 |         1|
|10    |design_1_dlmb_bram_if_cntlr_0 |         1|
|11    |design_1_dlmb_v10_0           |         1|
|12    |design_1_ilmb_bram_if_cntlr_0 |         1|
|13    |design_1_ilmb_v10_0           |         1|
|14    |design_1_lmb_bram_0           |         1|
+------+------------------------------+----------+

Report Cell Usage: 
+------+------------------------------+------+
|      |Cell                          |Count |
+------+------------------------------+------+
|1     |design_1_axi_gpio_0_0         |     1|
|2     |design_1_axi_gpio_1_0         |     1|
|3     |design_1_axi_iic_0_1          |     1|
|4     |design_1_axi_uartlite_0_0     |     1|
|5     |design_1_clk_wiz_1_0          |     1|
|6     |design_1_dlmb_bram_if_cntlr_0 |     1|
|7     |design_1_dlmb_v10_0           |     1|
|8     |design_1_ilmb_bram_if_cntlr_0 |     1|
|9     |design_1_ilmb_v10_0           |     1|
|10    |design_1_lmb_bram_0           |     1|
|11    |design_1_mdm_1_0              |     1|
|12    |design_1_microblaze_0_0       |     1|
|13    |design_1_rst_clk_wiz_1_100M_0 |     1|
|14    |design_1_xbar_0               |     1|
|15    |IBUF                          |     6|
|16    |IOBUF                         |     2|
|17    |OBUF                          |    15|
+------+------------------------------+------+

Report Instance Areas: 
+------+------------------------------+--------------------------------------+------+
|      |Instance                      |Module                                |Cells |
+------+------------------------------+--------------------------------------+------+
|1     |top                           |                                      |  1432|
|2     |  design_1_i                  |design_1                              |  1409|
|3     |    microblaze_0_axi_periph   |design_1_microblaze_0_axi_periph_0    |   485|
|4     |    microblaze_0_local_memory |microblaze_0_local_memory_imp_1K0VQXK |   496|
+------+------------------------------+--------------------------------------+------+
---------------------------------------------------------------------------------
Finished Writing Synthesis Report : Time (s): cpu = 00:00:12 ; elapsed = 00:00:12 . Memory (MB): peak = 1013.504 ; gain = 344.816
---------------------------------------------------------------------------------
Synthesis finished with 0 errors, 0 critical warnings and 10 warnings.
Synthesis Optimization Runtime : Time (s): cpu = 00:00:08 ; elapsed = 00:00:11 . Memory (MB): peak = 1013.504 ; gain = 254.562
Synthesis Optimization Complete : Time (s): cpu = 00:00:12 ; elapsed = 00:00:12 . Memory (MB): peak = 1013.504 ; gain = 344.816
INFO: [Project 1-571] Translating synthesized netlist
INFO: [Netlist 29-17] Analyzing 2 Unisim elements for replacement
INFO: [Netlist 29-28] Unisim Transformation completed in 0 CPU seconds
INFO: [Project 1-570] Preparing netlist for logic optimization
INFO: [Opt 31-138] Pushed 0 inverter(s) to 0 load pin(s).
Netlist sorting complete. Time (s): cpu = 00:00:00 ; elapsed = 00:00:00 . Memory (MB): peak = 1032.379 ; gain = 0.000
INFO: [Project 1-111] Unisim Transformation Summary:
  A total of 2 instances were transformed.
  IOBUF => IOBUF (IBUF, OBUFT): 2 instances

INFO: [Common 17-83] Releasing license: Synthesis
70 Infos, 49 Warnings, 0 Critical Warnings and 0 Errors encountered.
synth_design completed successfully
synth_design: Time (s): cpu = 00:00:15 ; elapsed = 00:00:17 . Memory (MB): peak = 1032.379 ; gain = 616.762
Netlist sorting complete. Time (s): cpu = 00:00:00 ; elapsed = 00:00:00 . Memory (MB): peak = 1032.379 ; gain = 0.000
WARNING: [Constraints 18-5210] No constraints selected for write.
Resolution: This message can indicate that there are no constraints for the design, or it can indicate that the used_in flags are set such that the constraints are ignored. This later case is used when running synth_design to not write synthesis constraints to the resulting checkpoint. Instead, project constraints are read when the synthesized design is opened.
INFO: [Common 17-1381] The checkpoint 'C:/Users/Chase/Documents/GitHub/Arty-7-FPGA/softcoreShiftPID/softcoreShiftPID.runs/synth_1/design_1_wrapper.dcp' has been generated.
INFO: [runtcl-4] Executing : report_utilization -file design_1_wrapper_utilization_synth.rpt -pb design_1_wrapper_utilization_synth.pb
INFO: [Common 17-206] Exiting Vivado at Wed Sep  8 01:10:55 2021...
